Flutter crash report.
Please report a bug at https://github.com/flutter/flutter/issues.

## command

flutter pub get

## exception

FileSystemException: FileSystemException: writeFrom failed, path = 'C:\Users\vpart\AppData\Roaming\.dart-tool\dart-flutter-telemetry.log' (OS Error: There is not enough space on the disk.
, errno = 112)

```
#0      _RandomAccessFile.writeFromSync (dart:io/file_impl.dart:905:7)
#1      _File.writeAsBytesSync (dart:io/file_impl.dart:646:14)
#2      _File.writeAsStringSync (dart:io/file_impl.dart:668:5)
#3      ForwardingFile.writeAsStringSync (package:file/src/forwarding/forwarding_file.dart:150:16)
#4      LogHandler.save (package:unified_analytics/src/log_handler.dart:296:15)
#5      AnalyticsImpl.send (package:unified_analytics/src/analytics.dart:622:17)
#6      PackagesGetCommand.runCommand (package:flutter_tools/src/commands/packages.dart:371:17)
<asynchronous suspension>
#7      FlutterCommand.run.<anonymous closure> (package:flutter_tools/src/runner/flutter_command.dart:1394:27)
<asynchronous suspension>
#8      AppContext.run.<anonymous closure> (package:flutter_tools/src/base/context.dart:153:19)
<asynchronous suspension>
#9      CommandRunner.runCommand (package:args/command_runner.dart:212:13)
<asynchronous suspension>
#10     FlutterCommandRunner.runCommand.<anonymous closure> (package:flutter_tools/src/runner/flutter_command_runner.dart:372:9)
<asynchronous suspension>
#11     AppContext.run.<anonymous closure> (package:flutter_tools/src/base/context.dart:153:19)
<asynchronous suspension>
#12     FlutterCommandRunner.runCommand (package:flutter_tools/src/runner/flutter_command_runner.dart:308:5)
<asynchronous suspension>
#13     run.<anonymous closure>.<anonymous closure> (package:flutter_tools/runner.dart:130:9)
<asynchronous suspension>
#14     AppContext.run.<anonymous closure> (package:flutter_tools/src/base/context.dart:153:19)
<asynchronous suspension>
#15     main (package:flutter_tools/executable.dart:93:3)
<asynchronous suspension>
```

## flutter doctor

```
encountered exception: FileSystemException: writeFrom failed, path = 'C:\Users\vpart\AppData\Roaming\.dart-tool\dart-flutter-telemetry.log' (OS Error: There is not enough space on the disk.
, errno = 112)

#0      _RandomAccessFile.writeFromSync (dart:io/file_impl.dart:905:7)
#1      _File.writeAsBytesSync (dart:io/file_impl.dart:646:14)
#2      _File.writeAsStringSync (dart:io/file_impl.dart:668:5)
#3      ForwardingFile.writeAsStringSync (package:file/src/forwarding/forwarding_file.dart:150:16)
#4      LogHandler.save (package:unified_analytics/src/log_handler.dart:291:15)
#5      AnalyticsImpl.send (package:unified_analytics/src/analytics.dart:622:17)
#6      Doctor.diagnose (package:flutter_tools/src/doctor.dart:439:24)
<asynchronous suspension>
#7      DoctorText._runDiagnosis (package:flutter_tools/src/doctor.dart:798:7)
<asynchronous suspension>
#8      _createLocalCrashReport (package:flutter_tools/runner.dart:273:26)
<asynchronous suspension>
#9      _handleToolError (package:flutter_tools/runner.dart:235:25)
<asynchronous suspension>
#10     AppContext.run.<anonymous closure> (package:flutter_tools/src/base/context.dart:153:19)
<asynchronous suspension>
#11     main (package:flutter_tools/executable.dart:93:3)
<asynchronous suspension>
```
